<?xml version="1.0" encoding="UTF-8"?>
<!-- Generated by org.testng.reporters.JUnitReportReporter -->
<testsuite skipped="0" hostname="EQ-EQ7501603" name="musalaAutomationTestcases.TestCase2" tests="1" failures="0" timestamp="2022-02-05T19:31:02 EET" time="123.772" errors="1">
  <testcase name="openCompanyProfileTestCase" time="123.772" classname="musalaAutomationTestcases.TestCase2">
    <error type="org.openqa.selenium.InvalidSelectorException" message="invalid selector: Unable to locate an element with the xpath expression //image[@xlink:href=&#039;https://scontent.fcai2-2.fna.fbcdn.net/v/t1.6435-1/p148x148/158325737_3926723744014946_1132226306152824042_n.jpg?_nc_cat=100&amp;ccb=1-5&amp;_nc_sid=1eb0c7&amp;_nc_ohc=bRr3kuWOM0IAX_RWR61&amp;_nc_ht=scontent.fcai2-2.fna&amp;oh=00_AT9YtTXjsoq-dgOQL_2JixlwBCuNxsvHspSjKATkMxnL0A&amp;oe=6224EF44&#039;] because of the following error:
NamespaceError: Failed to execute &#039;evaluate&#039; on &#039;Document&#039;: The string &#039;//image[@xlink:href=&#039;https://scontent.fcai2-2.fna.fbcdn.net/v/t1.6435-1/p148x148/158325737_3926723744014946_1132226306152824042_n.jpg?_nc_cat=100&amp;ccb=1-5&amp;_nc_sid=1eb0c7&amp;_nc_ohc=bRr3kuWOM0IAX_RWR61&amp;_nc_ht=scontent.fcai2-2.fna&amp;oh=00_AT9YtTXjsoq-dgOQL_2JixlwBCuNxsvHspSjKATkMxnL0A&amp;oe=6224EF44&#039;]&#039; contains unresolvable namespaces.
  (Session info: chrome=97.0.4692.99)
For documentation on this error, please visit: http://seleniumhq.org/exceptions/invalid_selector_exception.html
Build info: version: &#039;3.8.1&#039;, revision: &#039;6e95a6684b&#039;, time: &#039;2017-12-01T18:33:54.468Z&#039;
System info: host: &#039;EQ-EQ7501603&#039;, ip: &#039;192.168.1.8&#039;, os.name: &#039;Windows 10&#039;, os.arch: &#039;amd64&#039;, os.version: &#039;10.0&#039;, java.version: &#039;1.8.0_231&#039;
Driver info: org.openqa.selenium.chrome.ChromeDriver
Capabilities {acceptInsecureCerts: false, browserName: chrome, browserVersion: 97.0.4692.99, chrome: {chromedriverVersion: 97.0.4692.71 (adefa7837d02a..., userDataDir: C:\Users\BMHH8547\AppData\L...}, goog:chromeOptions: {debuggerAddress: localhost:65395}, javascriptEnabled: true, networkConnectionEnabled: false, pageLoadStrategy: normal, platform: WINDOWS, platformName: WINDOWS, proxy: Proxy(), setWindowRect: true, strictFileInteractability: false, timeouts: {implicit: 0, pageLoad: 300000, script: 30000}, unhandledPromptBehavior: dismiss and notify, webauthn:extension:credBlob: true, webauthn:extension:largeBlob: true, webauthn:virtualAuthenticators: true}
Session ID: ba1f58dc35899d90f6537c3459896bc8
*** Element info: {Using=xpath, value=//image[@xlink:href=&#039;https://scontent.fcai2-2.fna.fbcdn.net/v/t1.6435-1/p148x148/158325737_3926723744014946_1132226306152824042_n.jpg?_nc_cat=100&amp;ccb=1-5&amp;_nc_sid=1eb0c7&amp;_nc_ohc=bRr3kuWOM0IAX_RWR61&amp;_nc_ht=scontent.fcai2-2.fna&amp;oh=00_AT9YtTXjsoq-dgOQL_2JixlwBCuNxsvHspSjKATkMxnL0A&amp;oe=6224EF44&#039;]}">
      <![CDATA[org.openqa.selenium.InvalidSelectorException: invalid selector: Unable to locate an element with the xpath expression //image[@xlink:href='https://scontent.fcai2-2.fna.fbcdn.net/v/t1.6435-1/p148x148/158325737_3926723744014946_1132226306152824042_n.jpg?_nc_cat=100&ccb=1-5&_nc_sid=1eb0c7&_nc_ohc=bRr3kuWOM0IAX_RWR61&_nc_ht=scontent.fcai2-2.fna&oh=00_AT9YtTXjsoq-dgOQL_2JixlwBCuNxsvHspSjKATkMxnL0A&oe=6224EF44'] because of the following error:
NamespaceError: Failed to execute 'evaluate' on 'Document': The string '//image[@xlink:href='https://scontent.fcai2-2.fna.fbcdn.net/v/t1.6435-1/p148x148/158325737_3926723744014946_1132226306152824042_n.jpg?_nc_cat=100&ccb=1-5&_nc_sid=1eb0c7&_nc_ohc=bRr3kuWOM0IAX_RWR61&_nc_ht=scontent.fcai2-2.fna&oh=00_AT9YtTXjsoq-dgOQL_2JixlwBCuNxsvHspSjKATkMxnL0A&oe=6224EF44']' contains unresolvable namespaces.
  (Session info: chrome=97.0.4692.99)
For documentation on this error, please visit: http://seleniumhq.org/exceptions/invalid_selector_exception.html
Build info: version: '3.8.1', revision: '6e95a6684b', time: '2017-12-01T18:33:54.468Z'
System info: host: 'EQ-EQ7501603', ip: '192.168.1.8', os.name: 'Windows 10', os.arch: 'amd64', os.version: '10.0', java.version: '1.8.0_231'
Driver info: org.openqa.selenium.chrome.ChromeDriver
Capabilities {acceptInsecureCerts: false, browserName: chrome, browserVersion: 97.0.4692.99, chrome: {chromedriverVersion: 97.0.4692.71 (adefa7837d02a..., userDataDir: C:\Users\BMHH8547\AppData\L...}, goog:chromeOptions: {debuggerAddress: localhost:65395}, javascriptEnabled: true, networkConnectionEnabled: false, pageLoadStrategy: normal, platform: WINDOWS, platformName: WINDOWS, proxy: Proxy(), setWindowRect: true, strictFileInteractability: false, timeouts: {implicit: 0, pageLoad: 300000, script: 30000}, unhandledPromptBehavior: dismiss and notify, webauthn:extension:credBlob: true, webauthn:extension:largeBlob: true, webauthn:virtualAuthenticators: true}
Session ID: ba1f58dc35899d90f6537c3459896bc8
*** Element info: {Using=xpath, value=//image[@xlink:href='https://scontent.fcai2-2.fna.fbcdn.net/v/t1.6435-1/p148x148/158325737_3926723744014946_1132226306152824042_n.jpg?_nc_cat=100&ccb=1-5&_nc_sid=1eb0c7&_nc_ohc=bRr3kuWOM0IAX_RWR61&_nc_ht=scontent.fcai2-2.fna&oh=00_AT9YtTXjsoq-dgOQL_2JixlwBCuNxsvHspSjKATkMxnL0A&oe=6224EF44']}
at sun.reflect.NativeConstructorAccessorImpl.newInstance0(Native Method)
at sun.reflect.NativeConstructorAccessorImpl.newInstance(Unknown Source)
at sun.reflect.DelegatingConstructorAccessorImpl.newInstance(Unknown Source)
at java.lang.reflect.Constructor.newInstance(Unknown Source)
at org.openqa.selenium.remote.http.W3CHttpResponseCodec.createException(W3CHttpResponseCodec.java:187)
at org.openqa.selenium.remote.http.W3CHttpResponseCodec.decode(W3CHttpResponseCodec.java:122)
at org.openqa.selenium.remote.http.W3CHttpResponseCodec.decode(W3CHttpResponseCodec.java:49)
at org.openqa.selenium.remote.HttpCommandExecutor.execute(HttpCommandExecutor.java:164)
at org.openqa.selenium.remote.service.DriverCommandExecutor.execute(DriverCommandExecutor.java:83)
at org.openqa.selenium.remote.RemoteWebDriver.execute(RemoteWebDriver.java:601)
at org.openqa.selenium.remote.RemoteWebDriver.findElement(RemoteWebDriver.java:371)
at org.openqa.selenium.remote.RemoteWebDriver.findElementByXPath(RemoteWebDriver.java:473)
at org.openqa.selenium.By$ByXPath.findElement(By.java:361)
at org.openqa.selenium.remote.RemoteWebDriver.findElement(RemoteWebDriver.java:363)
at musalaAutomationTestcases.TestCase2.openCompanyProfileTestCase(TestCase2.java:35)
at sun.reflect.NativeMethodAccessorImpl.invoke0(Native Method)
at sun.reflect.NativeMethodAccessorImpl.invoke(Unknown Source)
at sun.reflect.DelegatingMethodAccessorImpl.invoke(Unknown Source)
at java.lang.reflect.Method.invoke(Unknown Source)
at org.testng.internal.MethodInvocationHelper.invokeMethod(MethodInvocationHelper.java:133)
at org.testng.internal.TestInvoker.invokeMethod(TestInvoker.java:598)
at org.testng.internal.TestInvoker.invokeTestMethod(TestInvoker.java:173)
at org.testng.internal.MethodRunner.runInSequence(MethodRunner.java:46)
at org.testng.internal.TestInvoker$MethodInvocationAgent.invoke(TestInvoker.java:824)
at org.testng.internal.TestInvoker.invokeTestMethods(TestInvoker.java:146)
at org.testng.internal.TestMethodWorker.invokeTestMethods(TestMethodWorker.java:146)
at org.testng.internal.TestMethodWorker.run(TestMethodWorker.java:128)
at java.util.ArrayList.forEach(Unknown Source)
at org.testng.TestRunner.privateRun(TestRunner.java:794)
at org.testng.TestRunner.run(TestRunner.java:596)
at org.testng.SuiteRunner.runTest(SuiteRunner.java:377)
at org.testng.SuiteRunner.runSequentially(SuiteRunner.java:371)
at org.testng.SuiteRunner.privateRun(SuiteRunner.java:332)
at org.testng.SuiteRunner.run(SuiteRunner.java:276)
at org.testng.SuiteRunnerWorker.runSuite(SuiteRunnerWorker.java:53)
at org.testng.SuiteRunnerWorker.run(SuiteRunnerWorker.java:96)
at org.testng.TestNG.runSuitesSequentially(TestNG.java:1212)
at org.testng.TestNG.runSuitesLocally(TestNG.java:1134)
at org.testng.TestNG.runSuites(TestNG.java:1063)
at org.testng.TestNG.run(TestNG.java:1031)
at org.testng.remote.AbstractRemoteTestNG.run(AbstractRemoteTestNG.java:115)
at org.testng.remote.RemoteTestNG.initAndRun(RemoteTestNG.java:251)
at org.testng.remote.RemoteTestNG.main(RemoteTestNG.java:77)
]]>
    </error>
  </testcase> <!-- openCompanyProfileTestCase -->
  <system-out/>
</testsuite> <!-- musalaAutomationTestcases.TestCase2 -->
